[INFO] 00:59:05:711 KERNEL/(14766:14766): [CONFIGURACION] IP  servidor: 127.0.0.1
[INFO] 00:59:05:712 KERNEL/(14766:14766): [CONFIGURACION] Puerto  servidor: 4444
[INFO] 00:59:05:713 KERNEL/(14766:14766): [CONFIGURACION] Servidor listo para recibir a los nuevos carpinchos
[INFO] 00:59:05:714 KERNEL/(14766:14766): [CONFIGURACION] Configuracion Algoritmo planificacion corto plazo: HRRN
[INFO] 00:59:05:714 KERNEL/(14766:14766): [CONFIGURACION] Configuracion estimacion inicial: 2000.000000
[INFO] 00:59:05:715 KERNEL/(14766:14766): [CONFIGURACION] Configuracion alfa: 0.300000
[INFO] 00:59:05:715 KERNEL/(14766:14766): [CONFIGURACION] Tiempo Deadlock: 50000
[INFO] 00:59:05:715 KERNEL/(14766:14766): [CONFIGURACION] Configuracion grado de multiprocesamiento: 1
[INFO] 00:59:05:715 KERNEL/(14766:14766): [CONFIGURACION] Configuracion grado de multiprogramacion: 3
[INFO] 00:59:05:717 KERNEL/(14766:14767): [CONFIGURACION] Dispositivo de  IO  Creado((pelopincho - duracion: 1000))
[INFO] 00:59:48:369 KERNEL/(14766:15154): [CARPINCHO 1] CAMBIO DE ESTADO : NEW 
[INFO] 00:59:48:370 KERNEL/(14766:15154): [CARPINCHO 1] MENSAJE RECIBIDO INIT.
[INFO] 00:59:48:376 KERNEL/(14766:14769): [CARPINCHO 1] CAMBIO DE ESTADO : READY
[DEBUG] 00:59:48:376 KERNEL/(14766:14772): [CARPINCHO 1] RAFAGA REAL ANT: 0.000000    RAFAGA ESTIM: 2000.000000    RR: 0.000000

[INFO] 00:59:48:376 KERNEL/(14766:14772): [CARPINCHO 1] CAMBIO DE ESTADO: EXEC (CPU  0)
[INFO] 00:59:48:376 KERNEL/(14766:14772): [CARPINCHO 1] Se envia mensaje pendiente
[INFO] 00:59:48:378 KERNEL/(14766:15156): [CARPINCHO 2] CAMBIO DE ESTADO : NEW 
[INFO] 00:59:48:379 KERNEL/(14766:15156): [CARPINCHO 2] MENSAJE RECIBIDO INIT.
[INFO] 00:59:48:405 KERNEL/(14766:14769): [CARPINCHO 2] CAMBIO DE ESTADO : READY
[INFO] 00:59:50:378 KERNEL/(14766:14772): [CARPINCHO 1] MENSAJE RECIBIDO CALL_IO pelopincho.
[INFO] 00:59:50:378 KERNEL/(14766:14772): [CARPINCHO 1] CAMBIO DE ESTADO : BLOQUEADO
[DEBUG] 00:59:50:378 KERNEL/(14766:14772): [CARPINCHO 2] RAFAGA REAL ANT: 0.000000    RAFAGA ESTIM: 2000.000000    RR: 0.000000

[INFO] 00:59:50:378 KERNEL/(14766:14772): [CARPINCHO 2] CAMBIO DE ESTADO: EXEC (CPU  0)
[INFO] 00:59:50:378 KERNEL/(14766:14772): [CARPINCHO 2] Se envia mensaje pendiente
[INFO] 00:59:50:378 KERNEL/(14766:14767): [CARPINCHO 1] Dispositivo pelopincho Empezó a  ejecutar
[INFO] 00:59:50:382 KERNEL/(14766:15158): [CARPINCHO 3] CAMBIO DE ESTADO : NEW 
[INFO] 00:59:50:382 KERNEL/(14766:15158): [CARPINCHO 3] MENSAJE RECIBIDO INIT.
[INFO] 00:59:50:385 KERNEL/(14766:14769): [CARPINCHO 3] CAMBIO DE ESTADO : READY
[INFO] 00:59:51:379 KERNEL/(14766:14767): [CARPINCHO 1] Dispositivo pelopincho Terminó de ejecutar 
[INFO] 00:59:51:379 KERNEL/(14766:14767): [CARPINCHO 1] CAMBIO DE ESTADO : READY
[INFO] 00:59:52:380 KERNEL/(14766:14772): [CARPINCHO 2] MENSAJE RECIBIDO CALL_IO pelopincho.
[INFO] 00:59:52:380 KERNEL/(14766:14772): [CARPINCHO 2] CAMBIO DE ESTADO : BLOQUEADO
[DEBUG] 00:59:52:380 KERNEL/(14766:14772): [CARPINCHO 3] RAFAGA REAL ANT: 0.000000    RAFAGA ESTIM: 2000.000000    RR: 0.000000

[DEBUG] 00:59:52:380 KERNEL/(14766:14772): [CARPINCHO 1] RAFAGA REAL ANT: 2002.000000    RAFAGA ESTIM: 2000.600000    RR: 1.000000

[INFO] 00:59:52:380 KERNEL/(14766:14772): [CARPINCHO 3] CAMBIO DE ESTADO: EXEC (CPU  0)
[INFO] 00:59:52:380 KERNEL/(14766:14772): [CARPINCHO 3] Se envia mensaje pendiente
[INFO] 00:59:52:380 KERNEL/(14766:14767): [CARPINCHO 2] Dispositivo pelopincho Empezó a  ejecutar
[INFO] 00:59:53:381 KERNEL/(14766:14767): [CARPINCHO 2] Dispositivo pelopincho Terminó de ejecutar 
[INFO] 00:59:53:381 KERNEL/(14766:14767): [CARPINCHO 2] CAMBIO DE ESTADO : READY
[INFO] 00:59:55:717 KERNEL/(14766:14771): [DEADLOCK] Se inicia  la detección y recuperación de DEADLOCK
[INFO] 00:59:55:717 KERNEL/(14766:14771): [DEADLOCK] Se finaliza la detección y recuperación de DEADLOCK
[INFO] 01:00:02:387 KERNEL/(14766:14772): [CARPINCHO 3] MENSAJE RECIBIDO CALL_IO pelopincho.
[INFO] 01:00:02:388 KERNEL/(14766:14772): [CARPINCHO 3] CAMBIO DE ESTADO : BLOQUEADO
[DEBUG] 01:00:02:388 KERNEL/(14766:14772): [CARPINCHO 1] RAFAGA REAL ANT: 2002.000000    RAFAGA ESTIM: 2000.600000    RR: 1.500350

[INFO] 01:00:02:388 KERNEL/(14766:14767): [CARPINCHO 3] Dispositivo pelopincho Empezó a  ejecutar
[DEBUG] 01:00:02:388 KERNEL/(14766:14772): [CARPINCHO 2] RAFAGA REAL ANT: 2002.000000    RAFAGA ESTIM: 2000.600000    RR: 1.986500

[INFO] 01:00:02:388 KERNEL/(14766:14772): [CARPINCHO 1] CAMBIO DE ESTADO: EXEC (CPU  0)
[INFO] 01:00:02:388 KERNEL/(14766:14772): [CARPINCHO 1] Se envia mensaje pendiente
[INFO] 01:00:03:389 KERNEL/(14766:14767): [CARPINCHO 3] Dispositivo pelopincho Terminó de ejecutar 
[INFO] 01:00:03:390 KERNEL/(14766:14767): [CARPINCHO 3] CAMBIO DE ESTADO : READY
[INFO] 01:00:04:390 KERNEL/(14766:14772): [CARPINCHO 1] MENSAJE RECIBIDO CALL_IO pelopincho.
[INFO] 01:00:04:390 KERNEL/(14766:14772): [CARPINCHO 1] CAMBIO DE ESTADO : BLOQUEADO
[DEBUG] 01:00:04:390 KERNEL/(14766:14772): [CARPINCHO 2] RAFAGA REAL ANT: 2002.000000    RAFAGA ESTIM: 2000.600000    RR: 5.502149

[INFO] 01:00:04:390 KERNEL/(14766:14767): [CARPINCHO 1] Dispositivo pelopincho Empezó a  ejecutar
[DEBUG] 01:00:04:390 KERNEL/(14766:14772): [CARPINCHO 3] RAFAGA REAL ANT: 10008.000000    RAFAGA ESTIM: 4402.400000    RR: 1.997500

[INFO] 01:00:04:390 KERNEL/(14766:14772): [CARPINCHO 2] CAMBIO DE ESTADO: EXEC (CPU  0)
[INFO] 01:00:04:390 KERNEL/(14766:14772): [CARPINCHO 2] Se envia mensaje pendiente
[INFO] 01:00:05:392 KERNEL/(14766:14767): [CARPINCHO 1] Dispositivo pelopincho Terminó de ejecutar 
[INFO] 01:00:05:392 KERNEL/(14766:14767): [CARPINCHO 1] CAMBIO DE ESTADO : READY
[INFO] 01:00:06:391 KERNEL/(14766:14772): [CARPINCHO 2] MENSAJE RECIBIDO CALL_IO pelopincho.
[INFO] 01:00:06:392 KERNEL/(14766:14772): [CARPINCHO 2] CAMBIO DE ESTADO : BLOQUEADO
[DEBUG] 01:00:06:392 KERNEL/(14766:14772): [CARPINCHO 3] RAFAGA REAL ANT: 10008.000000    RAFAGA ESTIM: 4402.400000    RR: 1.227149

[INFO] 01:00:06:392 KERNEL/(14766:14767): [CARPINCHO 2] Dispositivo pelopincho Empezó a  ejecutar
[DEBUG] 01:00:06:392 KERNEL/(14766:14772): [CARPINCHO 1] RAFAGA REAL ANT: 2002.000000    RAFAGA ESTIM: 2001.020000    RR: 6.502849

[INFO] 01:00:06:392 KERNEL/(14766:14772): [CARPINCHO 3] CAMBIO DE ESTADO: EXEC (CPU  0)
[INFO] 01:00:06:392 KERNEL/(14766:14772): [CARPINCHO 3] Se envia mensaje pendiente
[INFO] 01:00:07:393 KERNEL/(14766:14767): [CARPINCHO 2] Dispositivo pelopincho Terminó de ejecutar 
[INFO] 01:00:07:393 KERNEL/(14766:14767): [CARPINCHO 2] CAMBIO DE ESTADO : READY
[INFO] 01:00:16:398 KERNEL/(14766:14772): [CARPINCHO 3] MENSAJE RECIBIDO CALL_IO pelopincho.
[INFO] 01:00:16:401 KERNEL/(14766:14772): [CARPINCHO 3] CAMBIO DE ESTADO : BLOQUEADO
[DEBUG] 01:00:16:401 KERNEL/(14766:14772): [CARPINCHO 1] RAFAGA REAL ANT: 2002.000000    RAFAGA ESTIM: 2001.020000    RR: 1.499745

[INFO] 01:00:16:401 KERNEL/(14766:14767): [CARPINCHO 3] Dispositivo pelopincho Empezó a  ejecutar
[DEBUG] 01:00:16:401 KERNEL/(14766:14772): [CARPINCHO 2] RAFAGA REAL ANT: 2002.000000    RAFAGA ESTIM: 2001.020000    RR: 6.502849

[INFO] 01:00:16:401 KERNEL/(14766:14772): [CARPINCHO 1] CAMBIO DE ESTADO: EXEC (CPU  0)
[INFO] 01:00:16:401 KERNEL/(14766:14772): [CARPINCHO 1] Se envia mensaje pendiente
[INFO] 01:00:17:401 KERNEL/(14766:14767): [CARPINCHO 3] Dispositivo pelopincho Terminó de ejecutar 
[INFO] 01:00:17:402 KERNEL/(14766:14767): [CARPINCHO 3] CAMBIO DE ESTADO : READY
[INFO] 01:00:18:402 KERNEL/(14766:14772): [CARPINCHO 1] MENSAJE RECIBIDO CALL_IO pelopincho.
[INFO] 01:00:18:403 KERNEL/(14766:14772): [CARPINCHO 1] CAMBIO DE ESTADO : BLOQUEADO
[DEBUG] 01:00:18:403 KERNEL/(14766:14772): [CARPINCHO 2] RAFAGA REAL ANT: 2002.000000    RAFAGA ESTIM: 2001.020000    RR: 5.501704

[INFO] 01:00:18:403 KERNEL/(14766:14767): [CARPINCHO 1] Dispositivo pelopincho Empezó a  ejecutar
[DEBUG] 01:00:18:403 KERNEL/(14766:14772): [CARPINCHO 3] RAFAGA REAL ANT: 10009.000000    RAFAGA ESTIM: 6084.380000    RR: 1.681901

[INFO] 01:00:18:403 KERNEL/(14766:14772): [CARPINCHO 2] CAMBIO DE ESTADO: EXEC (CPU  0)
[INFO] 01:00:18:403 KERNEL/(14766:14772): [CARPINCHO 2] Se envia mensaje pendiente
[INFO] 01:00:19:404 KERNEL/(14766:14767): [CARPINCHO 1] Dispositivo pelopincho Terminó de ejecutar 
[INFO] 01:00:19:405 KERNEL/(14766:14767): [CARPINCHO 1] CAMBIO DE ESTADO : READY
[INFO] 01:00:20:404 KERNEL/(14766:14772): [CARPINCHO 2] MENSAJE RECIBIDO CALL_IO pelopincho.
[INFO] 01:00:20:405 KERNEL/(14766:14772): [CARPINCHO 2] CAMBIO DE ESTADO : BLOQUEADO
[INFO] 01:00:20:409 KERNEL/(14766:14767): [CARPINCHO 2] Dispositivo pelopincho Empezó a  ejecutar
[DEBUG] 01:00:20:409 KERNEL/(14766:14772): [CARPINCHO 3] RAFAGA REAL ANT: 10009.000000    RAFAGA ESTIM: 6084.380000    RR: 1.164520

[DEBUG] 01:00:20:409 KERNEL/(14766:14772): [CARPINCHO 1] RAFAGA REAL ANT: 2002.000000    RAFAGA ESTIM: 2001.314000    RR: 6.501694

[INFO] 01:00:20:410 KERNEL/(14766:14772): [CARPINCHO 1] CAMBIO DE ESTADO: EXEC (CPU  0)
[INFO] 01:00:20:411 KERNEL/(14766:14772): [CARPINCHO 1] Se envia mensaje pendiente
[INFO] 01:00:21:410 KERNEL/(14766:14767): [CARPINCHO 2] Dispositivo pelopincho Terminó de ejecutar 
[INFO] 01:00:21:411 KERNEL/(14766:14767): [CARPINCHO 2] CAMBIO DE ESTADO : READY
[INFO] 01:00:22:412 KERNEL/(14766:14772): [CARPINCHO 1] MENSAJE RECIBIDO MATE_CLOSE.
[INFO] 01:00:22:416 KERNEL/(14766:14772): [CARPINCHO 1] CAMBIO DE ESTADO: EXIT
[DEBUG] 01:00:22:424 KERNEL/(14766:14772): [CARPINCHO 3] RAFAGA REAL ANT: 10009.000000    RAFAGA ESTIM: 6084.380000    RR: 1.494216

[DEBUG] 01:00:22:424 KERNEL/(14766:14772): [CARPINCHO 2] RAFAGA REAL ANT: 2002.000000    RAFAGA ESTIM: 2001.314000    RR: 6.502194

[INFO] 01:00:22:425 KERNEL/(14766:14772): [CARPINCHO 3] CAMBIO DE ESTADO: EXEC (CPU  0)
[INFO] 01:00:22:425 KERNEL/(14766:14772): [CARPINCHO 3] Se envia mensaje pendiente
[INFO] 01:00:32:431 KERNEL/(14766:14772): [CARPINCHO 3] MENSAJE RECIBIDO CALL_IO pelopincho.
[INFO] 01:00:32:432 KERNEL/(14766:14772): [CARPINCHO 3] CAMBIO DE ESTADO : BLOQUEADO
[DEBUG] 01:00:32:432 KERNEL/(14766:14772): [CARPINCHO 2] RAFAGA REAL ANT: 2002.000000    RAFAGA ESTIM: 2001.314000    RR: 1.506667

[INFO] 01:00:32:432 KERNEL/(14766:14767): [CARPINCHO 3] Dispositivo pelopincho Empezó a  ejecutar
[INFO] 01:00:32:432 KERNEL/(14766:14772): [CARPINCHO 2] CAMBIO DE ESTADO: EXEC (CPU  0)
[INFO] 01:00:32:433 KERNEL/(14766:14772): [CARPINCHO 2] Se envia mensaje pendiente
[INFO] 01:00:33:434 KERNEL/(14766:14767): [CARPINCHO 3] Dispositivo pelopincho Terminó de ejecutar 
[INFO] 01:00:33:436 KERNEL/(14766:14767): [CARPINCHO 3] CAMBIO DE ESTADO : READY
[INFO] 01:00:34:433 KERNEL/(14766:14772): [CARPINCHO 2] MENSAJE RECIBIDO MATE_CLOSE.
[INFO] 01:00:34:435 KERNEL/(14766:14772): [CARPINCHO 2] CAMBIO DE ESTADO: EXIT
[DEBUG] 01:00:34:442 KERNEL/(14766:14772): [CARPINCHO 3] RAFAGA REAL ANT: 10007.000000    RAFAGA ESTIM: 7261.166000    RR: 1.825557

[INFO] 01:00:34:442 KERNEL/(14766:14772): [CARPINCHO 3] CAMBIO DE ESTADO: EXEC (CPU  0)
[INFO] 01:00:34:442 KERNEL/(14766:14772): [CARPINCHO 3] Se envia mensaje pendiente
[INFO] 01:00:44:448 KERNEL/(14766:14772): [CARPINCHO 3] MENSAJE RECIBIDO MATE_CLOSE.
[INFO] 01:00:44:449 KERNEL/(14766:14772): [CARPINCHO 3] CAMBIO DE ESTADO: EXIT
[INFO] 01:00:45:718 KERNEL/(14766:14771): [DEADLOCK] Se inicia  la detección y recuperación de DEADLOCK
[INFO] 01:00:45:718 KERNEL/(14766:14771): [DEADLOCK] Se finaliza la detección y recuperación de DEADLOCK
[INFO] 01:01:35:718 KERNEL/(14766:14771): [DEADLOCK] Se inicia  la detección y recuperación de DEADLOCK
[INFO] 01:01:35:719 KERNEL/(14766:14771): [DEADLOCK] Se finaliza la detección y recuperación de DEADLOCK
[INFO] 01:02:25:719 KERNEL/(14766:14771): [DEADLOCK] Se inicia  la detección y recuperación de DEADLOCK
[INFO] 01:02:25:720 KERNEL/(14766:14771): [DEADLOCK] Se finaliza la detección y recuperación de DEADLOCK
[INFO] 01:03:15:722 KERNEL/(14766:14771): [DEADLOCK] Se inicia  la detección y recuperación de DEADLOCK
[INFO] 01:03:15:722 KERNEL/(14766:14771): [DEADLOCK] Se finaliza la detección y recuperación de DEADLOCK
[INFO] 01:03:21:286 KERNEL/(15500:15500): [CONFIGURACION] IP  servidor: 127.0.0.1
[INFO] 01:03:21:287 KERNEL/(15500:15500): [CONFIGURACION] Puerto  servidor: 4444
[INFO] 01:03:21:288 KERNEL/(15500:15500): [CONFIGURACION] Servidor listo para recibir a los nuevos carpinchos
[INFO] 01:03:21:288 KERNEL/(15500:15500): [CONFIGURACION] Configuracion Algoritmo planificacion corto plazo: HRRN
[INFO] 01:03:21:288 KERNEL/(15500:15500): [CONFIGURACION] Configuracion estimacion inicial: 2000.000000
[INFO] 01:03:21:288 KERNEL/(15500:15500): [CONFIGURACION] Configuracion alfa: 0.300000
[INFO] 01:03:21:288 KERNEL/(15500:15500): [CONFIGURACION] Tiempo Deadlock: 50000
[INFO] 01:03:21:288 KERNEL/(15500:15500): [CONFIGURACION] Configuracion grado de multiprocesamiento: 1
[INFO] 01:03:21:288 KERNEL/(15500:15500): [CONFIGURACION] Configuracion grado de multiprogramacion: 3
[INFO] 01:03:21:289 KERNEL/(15500:15501): [CONFIGURACION] Dispositivo de  IO  Creado((pelopincho - duracion: 2000))
[INFO] 01:03:48:430 KERNEL/(15500:15550): [CARPINCHO 1] CAMBIO DE ESTADO : NEW 
[INFO] 01:03:48:431 KERNEL/(15500:15550): [CARPINCHO 1] MENSAJE RECIBIDO INIT.
[INFO] 01:03:48:441 KERNEL/(15500:15503): [CARPINCHO 1] CAMBIO DE ESTADO : READY
[DEBUG] 01:03:48:444 KERNEL/(15500:15506): [CARPINCHO 1] RAFAGA REAL ANT: 0.000000    RAFAGA ESTIM: 2000.000000    RR: 0.000000

[INFO] 01:03:48:444 KERNEL/(15500:15506): [CARPINCHO 1] CAMBIO DE ESTADO: EXEC (CPU  0)
[INFO] 01:03:48:444 KERNEL/(15500:15506): [CARPINCHO 1] Se envia mensaje pendiente
[INFO] 01:03:48:449 KERNEL/(15500:15552): [CARPINCHO 2] CAMBIO DE ESTADO : NEW 
[INFO] 01:03:48:449 KERNEL/(15500:15552): [CARPINCHO 2] MENSAJE RECIBIDO INIT.
[INFO] 01:03:48:478 KERNEL/(15500:15503): [CARPINCHO 2] CAMBIO DE ESTADO : READY
[INFO] 01:03:50:446 KERNEL/(15500:15506): [CARPINCHO 1] MENSAJE RECIBIDO CALL_IO pelopincho.
[INFO] 01:03:50:447 KERNEL/(15500:15506): [CARPINCHO 1] CAMBIO DE ESTADO : BLOQUEADO
[DEBUG] 01:03:50:447 KERNEL/(15500:15506): [CARPINCHO 2] RAFAGA REAL ANT: 0.000000    RAFAGA ESTIM: 2000.000000    RR: 0.000000

[INFO] 01:03:50:447 KERNEL/(15500:15501): [CARPINCHO 1] Dispositivo pelopincho Empezó a  ejecutar
[INFO] 01:03:50:447 KERNEL/(15500:15506): [CARPINCHO 2] CAMBIO DE ESTADO: EXEC (CPU  0)
[INFO] 01:03:50:447 KERNEL/(15500:15506): [CARPINCHO 2] Se envia mensaje pendiente
[INFO] 01:03:50:451 KERNEL/(15500:15554): [CARPINCHO 3] CAMBIO DE ESTADO : NEW 
[INFO] 01:03:50:452 KERNEL/(15500:15554): [CARPINCHO 3] MENSAJE RECIBIDO INIT.
[INFO] 01:03:50:457 KERNEL/(15500:15503): [CARPINCHO 3] CAMBIO DE ESTADO : READY
[INFO] 01:03:52:448 KERNEL/(15500:15501): [CARPINCHO 1] Dispositivo pelopincho Terminó de ejecutar 
[INFO] 01:03:52:449 KERNEL/(15500:15506): [CARPINCHO 2] MENSAJE RECIBIDO CALL_IO pelopincho.
[INFO] 01:03:52:454 KERNEL/(15500:15506): [CARPINCHO 2] CAMBIO DE ESTADO : BLOQUEADO
[DEBUG] 01:03:52:454 KERNEL/(15500:15506): [CARPINCHO 3] RAFAGA REAL ANT: 0.000000    RAFAGA ESTIM: 2000.000000    RR: 0.000000

[INFO] 01:03:52:454 KERNEL/(15500:15506): [CARPINCHO 3] CAMBIO DE ESTADO: EXEC (CPU  0)
[INFO] 01:03:52:454 KERNEL/(15500:15506): [CARPINCHO 3] Se envia mensaje pendiente
[INFO] 01:03:52:457 KERNEL/(15500:15501): [CARPINCHO 1] CAMBIO DE ESTADO : READY
[INFO] 01:03:52:458 KERNEL/(15500:15501): [CARPINCHO 2] Dispositivo pelopincho Empezó a  ejecutar
[INFO] 01:03:54:459 KERNEL/(15500:15501): [CARPINCHO 2] Dispositivo pelopincho Terminó de ejecutar 
[INFO] 01:03:54:459 KERNEL/(15500:15501): [CARPINCHO 2] CAMBIO DE ESTADO : READY
[INFO] 01:04:02:460 KERNEL/(15500:15506): [CARPINCHO 3] MENSAJE RECIBIDO CALL_IO pelopincho.
[INFO] 01:04:02:462 KERNEL/(15500:15506): [CARPINCHO 3] CAMBIO DE ESTADO : BLOQUEADO
[DEBUG] 01:04:02:462 KERNEL/(15500:15506): [CARPINCHO 1] RAFAGA REAL ANT: 2002.000000    RAFAGA ESTIM: 2000.600000    RR: 1.001500

[INFO] 01:04:02:462 KERNEL/(15500:15501): [CARPINCHO 3] Dispositivo pelopincho Empezó a  ejecutar
[DEBUG] 01:04:02:462 KERNEL/(15500:15506): [CARPINCHO 2] RAFAGA REAL ANT: 2006.000000    RAFAGA ESTIM: 2001.800000    RR: 1.984500

[INFO] 01:04:02:462 KERNEL/(15500:15506): [CARPINCHO 1] CAMBIO DE ESTADO: EXEC (CPU  0)
[INFO] 01:04:02:463 KERNEL/(15500:15506): [CARPINCHO 1] Se envia mensaje pendiente
[INFO] 01:04:04:464 KERNEL/(15500:15501): [CARPINCHO 3] Dispositivo pelopincho Terminó de ejecutar 
[INFO] 01:04:04:464 KERNEL/(15500:15506): [CARPINCHO 1] MENSAJE RECIBIDO CALL_IO pelopincho.
[INFO] 01:04:04:465 KERNEL/(15500:15501): [CARPINCHO 3] CAMBIO DE ESTADO : READY
[INFO] 01:04:04:466 KERNEL/(15500:15506): [CARPINCHO 1] CAMBIO DE ESTADO : BLOQUEADO
[DEBUG] 01:04:04:466 KERNEL/(15500:15506): [CARPINCHO 2] RAFAGA REAL ANT: 2006.000000    RAFAGA ESTIM: 2001.800000    RR: 4.997902

[INFO] 01:04:04:466 KERNEL/(15500:15501): [CARPINCHO 1] Dispositivo pelopincho Empezó a  ejecutar
[DEBUG] 01:04:04:466 KERNEL/(15500:15506): [CARPINCHO 3] RAFAGA REAL ANT: 10008.000000    RAFAGA ESTIM: 4402.400000    RR: 1.998500

[INFO] 01:04:04:466 KERNEL/(15500:15506): [CARPINCHO 2] CAMBIO DE ESTADO: EXEC (CPU  0)
[INFO] 01:04:04:466 KERNEL/(15500:15506): [CARPINCHO 2] Se envia mensaje pendiente
[INFO] 01:04:06:467 KERNEL/(15500:15501): [CARPINCHO 1] Dispositivo pelopincho Terminó de ejecutar 
[INFO] 01:04:06:467 KERNEL/(15500:15506): [CARPINCHO 2] MENSAJE RECIBIDO CALL_IO pelopincho.
[INFO] 01:04:06:468 KERNEL/(15500:15501): [CARPINCHO 1] CAMBIO DE ESTADO : READY
[INFO] 01:04:06:468 KERNEL/(15500:15506): [CARPINCHO 2] CAMBIO DE ESTADO : BLOQUEADO
[DEBUG] 01:04:06:469 KERNEL/(15500:15506): [CARPINCHO 3] RAFAGA REAL ANT: 10008.000000    RAFAGA ESTIM: 4402.400000    RR: 1.000227

[INFO] 01:04:06:469 KERNEL/(15500:15501): [CARPINCHO 2] Dispositivo pelopincho Empezó a  ejecutar
[DEBUG] 01:04:06:469 KERNEL/(15500:15506): [CARPINCHO 1] RAFAGA REAL ANT: 2003.000000    RAFAGA ESTIM: 2001.320000    RR: 6.001000

[INFO] 01:04:06:469 KERNEL/(15500:15506): [CARPINCHO 3] CAMBIO DE ESTADO: EXEC (CPU  0)
[INFO] 01:04:06:470 KERNEL/(15500:15506): [CARPINCHO 3] Se envia mensaje pendiente
[INFO] 01:04:08:471 KERNEL/(15500:15501): [CARPINCHO 2] Dispositivo pelopincho Terminó de ejecutar 
[INFO] 01:04:08:471 KERNEL/(15500:15501): [CARPINCHO 2] CAMBIO DE ESTADO : READY
[INFO] 01:04:11:289 KERNEL/(15500:15505): [DEADLOCK] Se inicia  la detección y recuperación de DEADLOCK
[INFO] 01:04:11:289 KERNEL/(15500:15505): [DEADLOCK] Se finaliza la detección y recuperación de DEADLOCK
[INFO] 01:04:16:477 KERNEL/(15500:15506): [CARPINCHO 3] MENSAJE RECIBIDO CALL_IO pelopincho.
[INFO] 01:04:16:477 KERNEL/(15500:15506): [CARPINCHO 3] CAMBIO DE ESTADO : BLOQUEADO
[DEBUG] 01:04:16:477 KERNEL/(15500:15506): [CARPINCHO 1] RAFAGA REAL ANT: 2003.000000    RAFAGA ESTIM: 2001.320000    RR: 1.000500

[INFO] 01:04:16:477 KERNEL/(15500:15501): [CARPINCHO 3] Dispositivo pelopincho Empezó a  ejecutar
[DEBUG] 01:04:16:477 KERNEL/(15500:15506): [CARPINCHO 2] RAFAGA REAL ANT: 2002.000000    RAFAGA ESTIM: 2001.860000    RR: 5.999001

[INFO] 01:04:16:478 KERNEL/(15500:15506): [CARPINCHO 1] CAMBIO DE ESTADO: EXEC (CPU  0)
[INFO] 01:04:16:478 KERNEL/(15500:15506): [CARPINCHO 1] Se envia mensaje pendiente
[INFO] 01:04:18:480 KERNEL/(15500:15501): [CARPINCHO 3] Dispositivo pelopincho Terminó de ejecutar 
[INFO] 01:04:18:480 KERNEL/(15500:15506): [CARPINCHO 1] MENSAJE RECIBIDO CALL_IO pelopincho.
[INFO] 01:04:18:480 KERNEL/(15500:15501): [CARPINCHO 3] CAMBIO DE ESTADO : READY
[INFO] 01:04:18:480 KERNEL/(15500:15506): [CARPINCHO 1] CAMBIO DE ESTADO : BLOQUEADO
[DEBUG] 01:04:18:480 KERNEL/(15500:15506): [CARPINCHO 2] RAFAGA REAL ANT: 2002.000000    RAFAGA ESTIM: 2001.860000    RR: 4.999780

[INFO] 01:04:18:480 KERNEL/(15500:15501): [CARPINCHO 1] Dispositivo pelopincho Empezó a  ejecutar
[DEBUG] 01:04:18:481 KERNEL/(15500:15506): [CARPINCHO 3] RAFAGA REAL ANT: 10008.000000    RAFAGA ESTIM: 6084.080000    RR: 1.455206

[INFO] 01:04:18:481 KERNEL/(15500:15506): [CARPINCHO 2] CAMBIO DE ESTADO: EXEC (CPU  0)
[INFO] 01:04:18:481 KERNEL/(15500:15506): [CARPINCHO 2] Se envia mensaje pendiente
[INFO] 01:04:20:482 KERNEL/(15500:15506): [CARPINCHO 2] MENSAJE RECIBIDO CALL_IO pelopincho.
[INFO] 01:04:20:482 KERNEL/(15500:15501): [CARPINCHO 1] Dispositivo pelopincho Terminó de ejecutar 
[INFO] 01:04:20:483 KERNEL/(15500:15506): [CARPINCHO 2] CAMBIO DE ESTADO : BLOQUEADO
[DEBUG] 01:04:20:483 KERNEL/(15500:15506): [CARPINCHO 3] RAFAGA REAL ANT: 10008.000000    RAFAGA ESTIM: 6084.080000    RR: 1.000164

[INFO] 01:04:20:483 KERNEL/(15500:15506): [CARPINCHO 3] CAMBIO DE ESTADO: EXEC (CPU  0)
[INFO] 01:04:20:483 KERNEL/(15500:15506): [CARPINCHO 3] Se envia mensaje pendiente
[INFO] 01:04:20:484 KERNEL/(15500:15501): [CARPINCHO 1] CAMBIO DE ESTADO : READY
[INFO] 01:04:20:484 KERNEL/(15500:15501): [CARPINCHO 2] Dispositivo pelopincho Empezó a  ejecutar
[INFO] 01:04:22:485 KERNEL/(15500:15501): [CARPINCHO 2] Dispositivo pelopincho Terminó de ejecutar 
[INFO] 01:04:22:485 KERNEL/(15500:15501): [CARPINCHO 2] CAMBIO DE ESTADO : READY
[INFO] 01:04:30:489 KERNEL/(15500:15506): [CARPINCHO 3] MENSAJE RECIBIDO CALL_IO pelopincho.
[INFO] 01:04:30:490 KERNEL/(15500:15506): [CARPINCHO 3] CAMBIO DE ESTADO : BLOQUEADO
[DEBUG] 01:04:30:491 KERNEL/(15500:15506): [CARPINCHO 1] RAFAGA REAL ANT: 2002.000000    RAFAGA ESTIM: 2001.524000    RR: 6.001199

[INFO] 01:04:30:491 KERNEL/(15500:15501): [CARPINCHO 3] Dispositivo pelopincho Empezó a  ejecutar
[DEBUG] 01:04:30:491 KERNEL/(15500:15506): [CARPINCHO 2] RAFAGA REAL ANT: 2001.000000    RAFAGA ESTIM: 2001.602000    RR: 6.000350

[INFO] 01:04:30:491 KERNEL/(15500:15506): [CARPINCHO 1] CAMBIO DE ESTADO: EXEC (CPU  0)
[INFO] 01:04:30:491 KERNEL/(15500:15506): [CARPINCHO 1] Se envia mensaje pendiente
[INFO] 01:04:32:492 KERNEL/(15500:15501): [CARPINCHO 3] Dispositivo pelopincho Terminó de ejecutar 
[INFO] 01:04:32:492 KERNEL/(15500:15506): [CARPINCHO 1] MENSAJE RECIBIDO MATE_CLOSE.
[INFO] 01:04:32:493 KERNEL/(15500:15501): [CARPINCHO 3] CAMBIO DE ESTADO : READY
[INFO] 01:04:32:493 KERNEL/(15500:15506): [CARPINCHO 1] CAMBIO DE ESTADO: EXIT
[DEBUG] 01:04:32:499 KERNEL/(15500:15506): [CARPINCHO 2] RAFAGA REAL ANT: 2001.000000    RAFAGA ESTIM: 2001.602000    RR: 4.999796

[DEBUG] 01:04:32:500 KERNEL/(15500:15506): [CARPINCHO 3] RAFAGA REAL ANT: 10007.000000    RAFAGA ESTIM: 7260.956000    RR: 1.329220

[INFO] 01:04:32:500 KERNEL/(15500:15506): [CARPINCHO 2] CAMBIO DE ESTADO: EXEC (CPU  0)
[INFO] 01:04:32:500 KERNEL/(15500:15506): [CARPINCHO 2] Se envia mensaje pendiente
[INFO] 01:04:34:500 KERNEL/(15500:15506): [CARPINCHO 2] MENSAJE RECIBIDO MATE_CLOSE.
[INFO] 01:04:34:503 KERNEL/(15500:15506): [CARPINCHO 2] CAMBIO DE ESTADO: EXIT
[DEBUG] 01:04:34:510 KERNEL/(15500:15506): [CARPINCHO 3] RAFAGA REAL ANT: 10007.000000    RAFAGA ESTIM: 7260.956000    RR: 1.000964

[INFO] 01:04:34:510 KERNEL/(15500:15506): [CARPINCHO 3] CAMBIO DE ESTADO: EXEC (CPU  0)
[INFO] 01:04:34:510 KERNEL/(15500:15506): [CARPINCHO 3] Se envia mensaje pendiente
[INFO] 01:04:44:518 KERNEL/(15500:15506): [CARPINCHO 3] MENSAJE RECIBIDO MATE_CLOSE.
[INFO] 01:04:44:519 KERNEL/(15500:15506): [CARPINCHO 3] CAMBIO DE ESTADO: EXIT
[INFO] 01:05:01:290 KERNEL/(15500:15505): [DEADLOCK] Se inicia  la detección y recuperación de DEADLOCK
[INFO] 01:05:01:291 KERNEL/(15500:15505): [DEADLOCK] Se finaliza la detección y recuperación de DEADLOCK
[INFO] 01:05:51:291 KERNEL/(15500:15505): [DEADLOCK] Se inicia  la detección y recuperación de DEADLOCK
[INFO] 01:05:51:293 KERNEL/(15500:15505): [DEADLOCK] Se finaliza la detección y recuperación de DEADLOCK
[INFO] 01:06:41:295 KERNEL/(15500:15505): [DEADLOCK] Se inicia  la detección y recuperación de DEADLOCK
[INFO] 01:06:41:297 KERNEL/(15500:15505): [DEADLOCK] Se finaliza la detección y recuperación de DEADLOCK
[INFO] 01:07:31:297 KERNEL/(15500:15505): [DEADLOCK] Se inicia  la detección y recuperación de DEADLOCK
[INFO] 01:07:31:298 KERNEL/(15500:15505): [DEADLOCK] Se finaliza la detección y recuperación de DEADLOCK
[INFO] 01:08:21:301 KERNEL/(15500:15505): [DEADLOCK] Se inicia  la detección y recuperación de DEADLOCK
[INFO] 01:08:21:302 KERNEL/(15500:15505): [DEADLOCK] Se finaliza la detección y recuperación de DEADLOCK
[INFO] 01:08:37:751 KERNEL/(15892:15892): [CONFIGURACION] IP  servidor: 127.0.0.1
[INFO] 01:08:37:752 KERNEL/(15892:15892): [CONFIGURACION] Puerto  servidor: 4444
[INFO] 01:08:37:753 KERNEL/(15892:15892): [CONFIGURACION] Servidor listo para recibir a los nuevos carpinchos
[INFO] 01:08:37:754 KERNEL/(15892:15892): [CONFIGURACION] Configuracion Algoritmo planificacion corto plazo: HRRN
[INFO] 01:08:37:755 KERNEL/(15892:15892): [CONFIGURACION] Configuracion estimacion inicial: 2000.000000
[INFO] 01:08:37:756 KERNEL/(15892:15892): [CONFIGURACION] Configuracion alfa: 0.300000
[INFO] 01:08:37:756 KERNEL/(15892:15892): [CONFIGURACION] Tiempo Deadlock: 50000
[INFO] 01:08:37:756 KERNEL/(15892:15892): [CONFIGURACION] Configuracion grado de multiprocesamiento: 1
[INFO] 01:08:37:756 KERNEL/(15892:15892): [CONFIGURACION] Configuracion grado de multiprogramacion: 3
[INFO] 01:08:37:757 KERNEL/(15892:15893): [CONFIGURACION] Dispositivo de  IO  Creado((pelopincho - duracion: 2000))
[INFO] 01:08:54:397 KERNEL/(15892:15931): [CARPINCHO 1] CAMBIO DE ESTADO : NEW 
[INFO] 01:08:54:398 KERNEL/(15892:15931): [CARPINCHO 1] MENSAJE RECIBIDO INIT.
[INFO] 01:08:54:407 KERNEL/(15892:15895): [CARPINCHO 1] CAMBIO DE ESTADO : READY
[DEBUG] 01:08:54:407 KERNEL/(15892:15898): [CARPINCHO 1] RAFAGA REAL ANT: 0.000000    RAFAGA ESTIM: 2000.000000    RR: 1.000000

[INFO] 01:08:54:407 KERNEL/(15892:15898): [CARPINCHO 1] CAMBIO DE ESTADO: EXEC (CPU  0)
[INFO] 01:08:54:407 KERNEL/(15892:15898): [CARPINCHO 1] Se envia mensaje pendiente
[INFO] 01:08:54:408 KERNEL/(15892:15933): [CARPINCHO 2] CAMBIO DE ESTADO : NEW 
[INFO] 01:08:54:410 KERNEL/(15892:15933): [CARPINCHO 2] MENSAJE RECIBIDO INIT.
[INFO] 01:08:54:421 KERNEL/(15892:15895): [CARPINCHO 2] CAMBIO DE ESTADO : READY
[INFO] 01:08:56:408 KERNEL/(15892:15898): [CARPINCHO 1] MENSAJE RECIBIDO CALL_IO pelopincho.
[INFO] 01:08:56:408 KERNEL/(15892:15898): [CARPINCHO 1] CAMBIO DE ESTADO : BLOQUEADO
[DEBUG] 01:08:56:408 KERNEL/(15892:15898): [CARPINCHO 2] RAFAGA REAL ANT: 0.000000    RAFAGA ESTIM: 2000.000000    RR: 1.993500

[INFO] 01:08:56:408 KERNEL/(15892:15893): [CARPINCHO 1] Dispositivo pelopincho Empezó a  ejecutar
[INFO] 01:08:56:408 KERNEL/(15892:15898): [CARPINCHO 2] CAMBIO DE ESTADO: EXEC (CPU  0)
[INFO] 01:08:56:408 KERNEL/(15892:15898): [CARPINCHO 2] Se envia mensaje pendiente
[INFO] 01:08:56:411 KERNEL/(15892:15935): [CARPINCHO 3] CAMBIO DE ESTADO : NEW 
[INFO] 01:08:56:411 KERNEL/(15892:15935): [CARPINCHO 3] MENSAJE RECIBIDO INIT.
[INFO] 01:08:56:413 KERNEL/(15892:15895): [CARPINCHO 3] CAMBIO DE ESTADO : READY
[INFO] 01:08:58:410 KERNEL/(15892:15893): [CARPINCHO 1] Dispositivo pelopincho Terminó de ejecutar 
[INFO] 01:08:58:411 KERNEL/(15892:15898): [CARPINCHO 2] MENSAJE RECIBIDO CALL_IO pelopincho.
[INFO] 01:08:58:413 KERNEL/(15892:15893): [CARPINCHO 1] CAMBIO DE ESTADO : READY
[INFO] 01:08:58:414 KERNEL/(15892:15898): [CARPINCHO 2] CAMBIO DE ESTADO : BLOQUEADO
[DEBUG] 01:08:58:414 KERNEL/(15892:15898): [CARPINCHO 3] RAFAGA REAL ANT: 0.000000    RAFAGA ESTIM: 2000.000000    RR: 2.000500

[INFO] 01:08:58:414 KERNEL/(15892:15893): [CARPINCHO 2] Dispositivo pelopincho Empezó a  ejecutar
[DEBUG] 01:08:58:414 KERNEL/(15892:15898): [CARPINCHO 1] RAFAGA REAL ANT: 2001.000000    RAFAGA ESTIM: 2000.300000    RR: 1.000500

[INFO] 01:08:58:414 KERNEL/(15892:15898): [CARPINCHO 3] CAMBIO DE ESTADO: EXEC (CPU  0)
[INFO] 01:08:58:415 KERNEL/(15892:15898): [CARPINCHO 3] Se envia mensaje pendiente
[INFO] 01:09:00:414 KERNEL/(15892:15893): [CARPINCHO 2] Dispositivo pelopincho Terminó de ejecutar 
[INFO] 01:09:00:416 KERNEL/(15892:15893): [CARPINCHO 2] CAMBIO DE ESTADO : READY
[INFO] 01:09:08:418 KERNEL/(15892:15898): [CARPINCHO 3] MENSAJE RECIBIDO CALL_IO pelopincho.
[INFO] 01:09:08:420 KERNEL/(15892:15898): [CARPINCHO 3] CAMBIO DE ESTADO : BLOQUEADO
[DEBUG] 01:09:08:420 KERNEL/(15892:15898): [CARPINCHO 1] RAFAGA REAL ANT: 2001.000000    RAFAGA ESTIM: 2000.300000    RR: 6.002750

[INFO] 01:09:08:420 KERNEL/(15892:15893): [CARPINCHO 3] Dispositivo pelopincho Empezó a  ejecutar
[DEBUG] 01:09:08:421 KERNEL/(15892:15898): [CARPINCHO 2] RAFAGA REAL ANT: 2005.000000    RAFAGA ESTIM: 2001.500000    RR: 4.999001

[INFO] 01:09:08:421 KERNEL/(15892:15898): [CARPINCHO 1] CAMBIO DE ESTADO: EXEC (CPU  0)
[INFO] 01:09:08:421 KERNEL/(15892:15898): [CARPINCHO 1] Se envia mensaje pendiente
[INFO] 01:09:10:423 KERNEL/(15892:15893): [CARPINCHO 3] Dispositivo pelopincho Terminó de ejecutar 
[INFO] 01:09:10:425 KERNEL/(15892:15898): [CARPINCHO 1] MENSAJE RECIBIDO CALL_IO pelopincho.
[INFO] 01:09:10:425 KERNEL/(15892:15893): [CARPINCHO 3] CAMBIO DE ESTADO : READY
[INFO] 01:09:10:425 KERNEL/(15892:15898): [CARPINCHO 1] CAMBIO DE ESTADO : BLOQUEADO
[DEBUG] 01:09:10:425 KERNEL/(15892:15898): [CARPINCHO 2] RAFAGA REAL ANT: 2005.000000    RAFAGA ESTIM: 2001.500000    RR: 6.000749

[INFO] 01:09:10:425 KERNEL/(15892:15893): [CARPINCHO 1] Dispositivo pelopincho Empezó a  ejecutar
[DEBUG] 01:09:10:425 KERNEL/(15892:15898): [CARPINCHO 3] RAFAGA REAL ANT: 10006.000000    RAFAGA ESTIM: 4401.800000    RR: 1.000000

[INFO] 01:09:10:425 KERNEL/(15892:15898): [CARPINCHO 2] CAMBIO DE ESTADO: EXEC (CPU  0)
[INFO] 01:09:10:425 KERNEL/(15892:15898): [CARPINCHO 2] Se envia mensaje pendiente
[INFO] 01:09:12:426 KERNEL/(15892:15893): [CARPINCHO 1] Dispositivo pelopincho Terminó de ejecutar 
[INFO] 01:09:12:426 KERNEL/(15892:15893): [CARPINCHO 1] CAMBIO DE ESTADO : READY
[INFO] 01:09:12:426 KERNEL/(15892:15898): [CARPINCHO 2] MENSAJE RECIBIDO CALL_IO pelopincho.
[INFO] 01:09:12:426 KERNEL/(15892:15898): [CARPINCHO 2] CAMBIO DE ESTADO : BLOQUEADO
[DEBUG] 01:09:12:426 KERNEL/(15892:15898): [CARPINCHO 3] RAFAGA REAL ANT: 10006.000000    RAFAGA ESTIM: 4401.800000    RR: 1.454587

[DEBUG] 01:09:12:426 KERNEL/(15892:15898): [CARPINCHO 1] RAFAGA REAL ANT: 2004.000000    RAFAGA ESTIM: 2001.410000    RR: 1.000000

[INFO] 01:09:12:426 KERNEL/(15892:15898): [CARPINCHO 3] CAMBIO DE ESTADO: EXEC (CPU  0)
[INFO] 01:09:12:426 KERNEL/(15892:15898): [CARPINCHO 3] Se envia mensaje pendiente
[INFO] 01:09:12:427 KERNEL/(15892:15893): [CARPINCHO 2] Dispositivo pelopincho Empezó a  ejecutar
[INFO] 01:09:14:428 KERNEL/(15892:15893): [CARPINCHO 2] Dispositivo pelopincho Terminó de ejecutar 
[INFO] 01:09:14:430 KERNEL/(15892:15893): [CARPINCHO 2] CAMBIO DE ESTADO : READY
[INFO] 01:09:22:436 KERNEL/(15892:15898): [CARPINCHO 3] MENSAJE RECIBIDO CALL_IO pelopincho.
[INFO] 01:09:22:436 KERNEL/(15892:15898): [CARPINCHO 3] CAMBIO DE ESTADO : BLOQUEADO
[DEBUG] 01:09:22:436 KERNEL/(15892:15898): [CARPINCHO 1] RAFAGA REAL ANT: 2004.000000    RAFAGA ESTIM: 2001.410000    RR: 6.001474

[DEBUG] 01:09:22:437 KERNEL/(15892:15898): [CARPINCHO 2] RAFAGA REAL ANT: 2001.000000    RAFAGA ESTIM: 2001.350000    RR: 5.000300

[INFO] 01:09:22:437 KERNEL/(15892:15898): [CARPINCHO 1] CAMBIO DE ESTADO: EXEC (CPU  0)
[INFO] 01:09:22:438 KERNEL/(15892:15893): [CARPINCHO 3] Dispositivo pelopincho Empezó a  ejecutar
[INFO] 01:09:22:439 KERNEL/(15892:15898): [CARPINCHO 1] Se envia mensaje pendiente
[INFO] 01:09:24:439 KERNEL/(15892:15893): [CARPINCHO 3] Dispositivo pelopincho Terminó de ejecutar 
[INFO] 01:09:24:440 KERNEL/(15892:15898): [CARPINCHO 1] MENSAJE RECIBIDO CALL_IO pelopincho.
[INFO] 01:09:24:440 KERNEL/(15892:15893): [CARPINCHO 3] CAMBIO DE ESTADO : READY
[INFO] 01:09:24:440 KERNEL/(15892:15898): [CARPINCHO 1] CAMBIO DE ESTADO : BLOQUEADO
[DEBUG] 01:09:24:440 KERNEL/(15892:15898): [CARPINCHO 2] RAFAGA REAL ANT: 2001.000000    RAFAGA ESTIM: 2001.350000    RR: 6.001624

[DEBUG] 01:09:24:440 KERNEL/(15892:15898): [CARPINCHO 3] RAFAGA REAL ANT: 10010.000000    RAFAGA ESTIM: 6084.260000    RR: 1.000000

[INFO] 01:09:24:441 KERNEL/(15892:15893): [CARPINCHO 1] Dispositivo pelopincho Empezó a  ejecutar
[INFO] 01:09:24:441 KERNEL/(15892:15898): [CARPINCHO 2] CAMBIO DE ESTADO: EXEC (CPU  0)
[INFO] 01:09:24:441 KERNEL/(15892:15898): [CARPINCHO 2] Se envia mensaje pendiente
[INFO] 01:09:26:442 KERNEL/(15892:15893): [CARPINCHO 1] Dispositivo pelopincho Terminó de ejecutar 
[INFO] 01:09:26:442 KERNEL/(15892:15898): [CARPINCHO 2] MENSAJE RECIBIDO CALL_IO pelopincho.
[INFO] 01:09:26:443 KERNEL/(15892:15893): [CARPINCHO 1] CAMBIO DE ESTADO : READY
[INFO] 01:09:26:443 KERNEL/(15892:15898): [CARPINCHO 2] CAMBIO DE ESTADO : BLOQUEADO
[DEBUG] 01:09:26:443 KERNEL/(15892:15898): [CARPINCHO 3] RAFAGA REAL ANT: 10010.000000    RAFAGA ESTIM: 6084.260000    RR: 1.329210

[INFO] 01:09:26:443 KERNEL/(15892:15893): [CARPINCHO 2] Dispositivo pelopincho Empezó a  ejecutar
[DEBUG] 01:09:26:443 KERNEL/(15892:15898): [CARPINCHO 1] RAFAGA REAL ANT: 2003.000000    RAFAGA ESTIM: 2001.887000    RR: 1.000000

[INFO] 01:09:26:443 KERNEL/(15892:15898): [CARPINCHO 3] CAMBIO DE ESTADO: EXEC (CPU  0)
[INFO] 01:09:26:443 KERNEL/(15892:15898): [CARPINCHO 3] Se envia mensaje pendiente
[INFO] 01:09:27:758 KERNEL/(15892:15897): [DEADLOCK] Se inicia  la detección y recuperación de DEADLOCK
[INFO] 01:09:27:759 KERNEL/(15892:15897): [DEADLOCK] Se finaliza la detección y recuperación de DEADLOCK
[INFO] 01:09:28:444 KERNEL/(15892:15893): [CARPINCHO 2] Dispositivo pelopincho Terminó de ejecutar 
[INFO] 01:09:28:445 KERNEL/(15892:15893): [CARPINCHO 2] CAMBIO DE ESTADO : READY
[INFO] 01:09:36:453 KERNEL/(15892:15898): [CARPINCHO 3] MENSAJE RECIBIDO CALL_IO pelopincho.
[INFO] 01:09:36:454 KERNEL/(15892:15898): [CARPINCHO 3] CAMBIO DE ESTADO : BLOQUEADO
[DEBUG] 01:09:36:454 KERNEL/(15892:15898): [CARPINCHO 1] RAFAGA REAL ANT: 2003.000000    RAFAGA ESTIM: 2001.887000    RR: 6.000782

[INFO] 01:09:36:454 KERNEL/(15892:15893): [CARPINCHO 3] Dispositivo pelopincho Empezó a  ejecutar
[DEBUG] 01:09:36:454 KERNEL/(15892:15898): [CARPINCHO 2] RAFAGA REAL ANT: 2002.000000    RAFAGA ESTIM: 2001.545000    RR: 5.001409

[INFO] 01:09:36:454 KERNEL/(15892:15898): [CARPINCHO 1] CAMBIO DE ESTADO: EXEC (CPU  0)
[INFO] 01:09:36:454 KERNEL/(15892:15898): [CARPINCHO 1] Se envia mensaje pendiente
[INFO] 01:09:38:456 KERNEL/(15892:15893): [CARPINCHO 3] Dispositivo pelopincho Terminó de ejecutar 
[INFO] 01:09:38:456 KERNEL/(15892:15898): [CARPINCHO 1] MENSAJE RECIBIDO MATE_CLOSE.
[INFO] 01:09:38:457 KERNEL/(15892:15893): [CARPINCHO 3] CAMBIO DE ESTADO : READY
[INFO] 01:09:38:457 KERNEL/(15892:15898): [CARPINCHO 1] CAMBIO DE ESTADO: EXIT
[DEBUG] 01:09:38:464 KERNEL/(15892:15898): [CARPINCHO 2] RAFAGA REAL ANT: 2002.000000    RAFAGA ESTIM: 2001.545000    RR: 6.005633

[DEBUG] 01:09:38:465 KERNEL/(15892:15898): [CARPINCHO 3] RAFAGA REAL ANT: 10011.000000    RAFAGA ESTIM: 7262.282000    RR: 1.000964

[INFO] 01:09:38:465 KERNEL/(15892:15898): [CARPINCHO 2] CAMBIO DE ESTADO: EXEC (CPU  0)
[INFO] 01:09:38:465 KERNEL/(15892:15898): [CARPINCHO 2] Se envia mensaje pendiente
[INFO] 01:09:40:466 KERNEL/(15892:15898): [CARPINCHO 2] MENSAJE RECIBIDO MATE_CLOSE.
[INFO] 01:09:40:467 KERNEL/(15892:15898): [CARPINCHO 2] CAMBIO DE ESTADO: EXIT
[DEBUG] 01:09:40:474 KERNEL/(15892:15898): [CARPINCHO 3] RAFAGA REAL ANT: 10011.000000    RAFAGA ESTIM: 7262.282000    RR: 1.277736

[INFO] 01:09:40:474 KERNEL/(15892:15898): [CARPINCHO 3] CAMBIO DE ESTADO: EXEC (CPU  0)
[INFO] 01:09:40:475 KERNEL/(15892:15898): [CARPINCHO 3] Se envia mensaje pendiente
[INFO] 01:09:50:482 KERNEL/(15892:15898): [CARPINCHO 3] MENSAJE RECIBIDO MATE_CLOSE.
[INFO] 01:09:50:483 KERNEL/(15892:15898): [CARPINCHO 3] CAMBIO DE ESTADO: EXIT
[INFO] 01:10:17:759 KERNEL/(15892:15897): [DEADLOCK] Se inicia  la detección y recuperación de DEADLOCK
[INFO] 01:10:17:760 KERNEL/(15892:15897): [DEADLOCK] Se finaliza la detección y recuperación de DEADLOCK
[INFO] 01:11:28:903 KERNEL/(16081:16081): [CONFIGURACION] IP  servidor: 127.0.0.1
[INFO] 01:11:28:906 KERNEL/(16081:16081): [CONFIGURACION] Puerto  servidor: 4444
[INFO] 01:11:28:908 KERNEL/(16081:16081): [CONFIGURACION] Servidor listo para recibir a los nuevos carpinchos
[INFO] 01:11:28:909 KERNEL/(16081:16081): [CONFIGURACION] Configuracion Algoritmo planificacion corto plazo: HRRN
[INFO] 01:11:28:910 KERNEL/(16081:16081): [CONFIGURACION] Configuracion estimacion inicial: 2000.000000
[INFO] 01:11:28:910 KERNEL/(16081:16081): [CONFIGURACION] Configuracion alfa: 0.300000
[INFO] 01:11:28:910 KERNEL/(16081:16081): [CONFIGURACION] Tiempo Deadlock: 50000
[INFO] 01:11:28:910 KERNEL/(16081:16081): [CONFIGURACION] Configuracion grado de multiprocesamiento: 1
[INFO] 01:11:28:910 KERNEL/(16081:16081): [CONFIGURACION] Configuracion grado de multiprogramacion: 3
[INFO] 01:11:28:912 KERNEL/(16081:16082): [CONFIGURACION] Dispositivo de  IO  Creado((pelopincho - duracion: 1000))
[INFO] 01:11:36:232 KERNEL/(16081:16111): [CARPINCHO 1] CAMBIO DE ESTADO : NEW 
[INFO] 01:11:36:232 KERNEL/(16081:16111): [CARPINCHO 1] MENSAJE RECIBIDO INIT.
[INFO] 01:11:36:234 KERNEL/(16081:16084): [CARPINCHO 1] CAMBIO DE ESTADO : READY
[DEBUG] 01:11:36:234 KERNEL/(16081:16087): [CARPINCHO 1] RAFAGA REAL ANT: 0.000000    RAFAGA ESTIM: 2000.000000    RR: 1.000000

[INFO] 01:11:36:234 KERNEL/(16081:16087): [CARPINCHO 1] CAMBIO DE ESTADO: EXEC (CPU  0)
[INFO] 01:11:36:234 KERNEL/(16081:16087): [CARPINCHO 1] Se envia mensaje pendiente
[INFO] 01:11:36:234 KERNEL/(16081:16113): [CARPINCHO 2] CAMBIO DE ESTADO : NEW 
[INFO] 01:11:36:234 KERNEL/(16081:16113): [CARPINCHO 2] MENSAJE RECIBIDO INIT.
[INFO] 01:11:36:236 KERNEL/(16081:16084): [CARPINCHO 2] CAMBIO DE ESTADO : READY
[INFO] 01:11:38:235 KERNEL/(16081:16087): [CARPINCHO 1] MENSAJE RECIBIDO CALL_IO pelopincho.
[INFO] 01:11:38:236 KERNEL/(16081:16087): [CARPINCHO 1] CAMBIO DE ESTADO : BLOQUEADO
[DEBUG] 01:11:38:236 KERNEL/(16081:16087): [CARPINCHO 2] RAFAGA REAL ANT: 0.000000    RAFAGA ESTIM: 2000.000000    RR: 2.000000

[INFO] 01:11:38:236 KERNEL/(16081:16082): [CARPINCHO 1] Dispositivo pelopincho Empezó a  ejecutar
[INFO] 01:11:38:236 KERNEL/(16081:16087): [CARPINCHO 2] CAMBIO DE ESTADO: EXEC (CPU  0)
[INFO] 01:11:38:237 KERNEL/(16081:16087): [CARPINCHO 2] Se envia mensaje pendiente
[INFO] 01:11:38:240 KERNEL/(16081:16115): [CARPINCHO 3] CAMBIO DE ESTADO : NEW 
[INFO] 01:11:38:242 KERNEL/(16081:16115): [CARPINCHO 3] MENSAJE RECIBIDO INIT.
[INFO] 01:11:38:245 KERNEL/(16081:16084): [CARPINCHO 3] CAMBIO DE ESTADO : READY
[INFO] 01:11:39:238 KERNEL/(16081:16082): [CARPINCHO 1] Dispositivo pelopincho Terminó de ejecutar 
[INFO] 01:11:39:238 KERNEL/(16081:16082): [CARPINCHO 1] CAMBIO DE ESTADO : READY
[INFO] 01:11:40:237 KERNEL/(16081:16087): [CARPINCHO 2] MENSAJE RECIBIDO CALL_IO pelopincho.
[INFO] 01:11:40:238 KERNEL/(16081:16087): [CARPINCHO 2] CAMBIO DE ESTADO : BLOQUEADO
[DEBUG] 01:11:40:239 KERNEL/(16081:16087): [CARPINCHO 3] RAFAGA REAL ANT: 0.000000    RAFAGA ESTIM: 2000.000000    RR: 1.996500

[INFO] 01:11:40:239 KERNEL/(16081:16082): [CARPINCHO 2] Dispositivo pelopincho Empezó a  ejecutar
[DEBUG] 01:11:40:239 KERNEL/(16081:16087): [CARPINCHO 1] RAFAGA REAL ANT: 2002.000000    RAFAGA ESTIM: 2000.600000    RR: 1.500350

[INFO] 01:11:40:239 KERNEL/(16081:16087): [CARPINCHO 3] CAMBIO DE ESTADO: EXEC (CPU  0)
[INFO] 01:11:40:239 KERNEL/(16081:16087): [CARPINCHO 3] Se envia mensaje pendiente
[INFO] 01:11:41:240 KERNEL/(16081:16082): [CARPINCHO 2] Dispositivo pelopincho Terminó de ejecutar 
[INFO] 01:11:41:241 KERNEL/(16081:16082): [CARPINCHO 2] CAMBIO DE ESTADO : READY
[INFO] 01:11:50:250 KERNEL/(16081:16087): [CARPINCHO 3] MENSAJE RECIBIDO CALL_IO pelopincho.
[INFO] 01:11:50:250 KERNEL/(16081:16087): [CARPINCHO 3] CAMBIO DE ESTADO : BLOQUEADO
[DEBUG] 01:11:50:250 KERNEL/(16081:16087): [CARPINCHO 1] RAFAGA REAL ANT: 2002.000000    RAFAGA ESTIM: 2000.600000    RR: 6.504349

[INFO] 01:11:50:250 KERNEL/(16081:16082): [CARPINCHO 3] Dispositivo pelopincho Empezó a  ejecutar
[DEBUG] 01:11:50:251 KERNEL/(16081:16087): [CARPINCHO 2] RAFAGA REAL ANT: 2002.000000    RAFAGA ESTIM: 2000.600000    RR: 5.503649

[INFO] 01:11:50:251 KERNEL/(16081:16087): [CARPINCHO 1] CAMBIO DE ESTADO: EXEC (CPU  0)
[INFO] 01:11:50:251 KERNEL/(16081:16087): [CARPINCHO 1] Se envia mensaje pendiente
[INFO] 01:11:51:251 KERNEL/(16081:16082): [CARPINCHO 3] Dispositivo pelopincho Terminó de ejecutar 
[INFO] 01:11:51:252 KERNEL/(16081:16082): [CARPINCHO 3] CAMBIO DE ESTADO : READY
[INFO] 01:11:52:251 KERNEL/(16081:16087): [CARPINCHO 1] MENSAJE RECIBIDO CALL_IO pelopincho.
[INFO] 01:11:52:252 KERNEL/(16081:16087): [CARPINCHO 1] CAMBIO DE ESTADO : BLOQUEADO
[DEBUG] 01:11:52:253 KERNEL/(16081:16087): [CARPINCHO 2] RAFAGA REAL ANT: 2002.000000    RAFAGA ESTIM: 2000.600000    RR: 6.504849

[INFO] 01:11:52:253 KERNEL/(16081:16082): [CARPINCHO 1] Dispositivo pelopincho Empezó a  ejecutar
[DEBUG] 01:11:52:253 KERNEL/(16081:16087): [CARPINCHO 3] RAFAGA REAL ANT: 10011.000000    RAFAGA ESTIM: 4403.300000    RR: 1.227330

[INFO] 01:11:52:253 KERNEL/(16081:16087): [CARPINCHO 2] CAMBIO DE ESTADO: EXEC (CPU  0)
[INFO] 01:11:52:253 KERNEL/(16081:16087): [CARPINCHO 2] Se envia mensaje pendiente
[INFO] 01:11:53:254 KERNEL/(16081:16082): [CARPINCHO 1] Dispositivo pelopincho Terminó de ejecutar 
[INFO] 01:11:53:254 KERNEL/(16081:16082): [CARPINCHO 1] CAMBIO DE ESTADO : READY
[INFO] 01:11:54:254 KERNEL/(16081:16087): [CARPINCHO 2] MENSAJE RECIBIDO CALL_IO pelopincho.
[INFO] 01:11:54:256 KERNEL/(16081:16087): [CARPINCHO 2] CAMBIO DE ESTADO : BLOQUEADO
[DEBUG] 01:11:54:256 KERNEL/(16081:16087): [CARPINCHO 3] RAFAGA REAL ANT: 10011.000000    RAFAGA ESTIM: 4403.300000    RR: 1.682216

[INFO] 01:11:54:256 KERNEL/(16081:16082): [CARPINCHO 2] Dispositivo pelopincho Empezó a  ejecutar
[DEBUG] 01:11:54:256 KERNEL/(16081:16087): [CARPINCHO 1] RAFAGA REAL ANT: 2001.000000    RAFAGA ESTIM: 2000.720000    RR: 1.500820

[INFO] 01:11:54:257 KERNEL/(16081:16087): [CARPINCHO 3] CAMBIO DE ESTADO: EXEC (CPU  0)
[INFO] 01:11:54:257 KERNEL/(16081:16087): [CARPINCHO 3] Se envia mensaje pendiente
[INFO] 01:11:55:258 KERNEL/(16081:16082): [CARPINCHO 2] Dispositivo pelopincho Terminó de ejecutar 
[INFO] 01:11:55:259 KERNEL/(16081:16082): [CARPINCHO 2] CAMBIO DE ESTADO : READY
[INFO] 01:12:04:265 KERNEL/(16081:16087): [CARPINCHO 3] MENSAJE RECIBIDO CALL_IO pelopincho.
[INFO] 01:12:04:266 KERNEL/(16081:16087): [CARPINCHO 3] CAMBIO DE ESTADO : BLOQUEADO
[DEBUG] 01:12:04:267 KERNEL/(16081:16087): [CARPINCHO 1] RAFAGA REAL ANT: 2001.000000    RAFAGA ESTIM: 2000.720000    RR: 6.504518

[INFO] 01:12:04:267 KERNEL/(16081:16082): [CARPINCHO 3] Dispositivo pelopincho Empezó a  ejecutar
[DEBUG] 01:12:04:267 KERNEL/(16081:16087): [CARPINCHO 2] RAFAGA REAL ANT: 2002.000000    RAFAGA ESTIM: 2001.020000    RR: 5.501704

[INFO] 01:12:04:267 KERNEL/(16081:16087): [CARPINCHO 1] CAMBIO DE ESTADO: EXEC (CPU  0)
[INFO] 01:12:04:267 KERNEL/(16081:16087): [CARPINCHO 1] Se envia mensaje pendiente
[INFO] 01:12:05:269 KERNEL/(16081:16082): [CARPINCHO 3] Dispositivo pelopincho Terminó de ejecutar 
[INFO] 01:12:05:269 KERNEL/(16081:16082): [CARPINCHO 3] CAMBIO DE ESTADO : READY
[INFO] 01:12:06:268 KERNEL/(16081:16087): [CARPINCHO 1] MENSAJE RECIBIDO CALL_IO pelopincho.
[INFO] 01:12:06:268 KERNEL/(16081:16087): [CARPINCHO 1] CAMBIO DE ESTADO : BLOQUEADO
[DEBUG] 01:12:06:268 KERNEL/(16081:16087): [CARPINCHO 2] RAFAGA REAL ANT: 2002.000000    RAFAGA ESTIM: 2001.020000    RR: 6.501694

[DEBUG] 01:12:06:268 KERNEL/(16081:16087): [CARPINCHO 3] RAFAGA REAL ANT: 10009.000000    RAFAGA ESTIM: 6085.010000    RR: 1.164174

[INFO] 01:12:06:268 KERNEL/(16081:16087): [CARPINCHO 2] CAMBIO DE ESTADO: EXEC (CPU  0)
[INFO] 01:12:06:268 KERNEL/(16081:16087): [CARPINCHO 2] Se envia mensaje pendiente
[INFO] 01:12:06:268 KERNEL/(16081:16082): [CARPINCHO 1] Dispositivo pelopincho Empezó a  ejecutar
[INFO] 01:12:07:269 KERNEL/(16081:16082): [CARPINCHO 1] Dispositivo pelopincho Terminó de ejecutar 
[INFO] 01:12:07:270 KERNEL/(16081:16082): [CARPINCHO 1] CAMBIO DE ESTADO : READY
[INFO] 01:12:08:269 KERNEL/(16081:16087): [CARPINCHO 2] MENSAJE RECIBIDO CALL_IO pelopincho.
[INFO] 01:12:08:271 KERNEL/(16081:16087): [CARPINCHO 2] CAMBIO DE ESTADO : BLOQUEADO
[DEBUG] 01:12:08:271 KERNEL/(16081:16087): [CARPINCHO 3] RAFAGA REAL ANT: 10009.000000    RAFAGA ESTIM: 6085.010000    RR: 1.493343

[INFO] 01:12:08:271 KERNEL/(16081:16082): [CARPINCHO 2] Dispositivo pelopincho Empezó a  ejecutar
[DEBUG] 01:12:08:271 KERNEL/(16081:16087): [CARPINCHO 1] RAFAGA REAL ANT: 2001.000000    RAFAGA ESTIM: 2000.804000    RR: 1.500299

[ERROR] 01:12:08:271 KERNEL/(16081:16087): Encontre uno mas grande, posicion 1, pid: 1, RR: 1.500299
[INFO] 01:12:08:271 KERNEL/(16081:16087): [CARPINCHO 1] CAMBIO DE ESTADO: EXEC (CPU  0)
[INFO] 01:12:08:271 KERNEL/(16081:16087): [CARPINCHO 1] Se envia mensaje pendiente
[INFO] 01:12:09:272 KERNEL/(16081:16082): [CARPINCHO 2] Dispositivo pelopincho Terminó de ejecutar 
[INFO] 01:12:09:273 KERNEL/(16081:16082): [CARPINCHO 2] CAMBIO DE ESTADO : READY
[INFO] 01:12:10:272 KERNEL/(16081:16087): [CARPINCHO 1] MENSAJE RECIBIDO MATE_CLOSE.
[INFO] 01:12:10:273 KERNEL/(16081:16087): [CARPINCHO 1] CAMBIO DE ESTADO: EXIT
[DEBUG] 01:12:10:280 KERNEL/(16081:16087): [CARPINCHO 3] RAFAGA REAL ANT: 10009.000000    RAFAGA ESTIM: 6085.010000    RR: 1.823499

[DEBUG] 01:12:10:281 KERNEL/(16081:16087): [CARPINCHO 2] RAFAGA REAL ANT: 2003.000000    RAFAGA ESTIM: 2001.614000    RR: 1.503094

[INFO] 01:12:10:281 KERNEL/(16081:16087): [CARPINCHO 3] CAMBIO DE ESTADO: EXEC (CPU  0)
[INFO] 01:12:10:281 KERNEL/(16081:16087): [CARPINCHO 3] Se envia mensaje pendiente
[INFO] 01:12:18:911 KERNEL/(16081:16086): [DEADLOCK] Se inicia  la detección y recuperación de DEADLOCK
[INFO] 01:12:18:912 KERNEL/(16081:16086): [DEADLOCK] Se finaliza la detección y recuperación de DEADLOCK
[INFO] 01:12:20:286 KERNEL/(16081:16087): [CARPINCHO 3] MENSAJE RECIBIDO CALL_IO pelopincho.
[INFO] 01:12:20:287 KERNEL/(16081:16087): [CARPINCHO 3] CAMBIO DE ESTADO : BLOQUEADO
[DEBUG] 01:12:20:287 KERNEL/(16081:16087): [CARPINCHO 2] RAFAGA REAL ANT: 2003.000000    RAFAGA ESTIM: 2001.614000    RR: 6.502559

[INFO] 01:12:20:287 KERNEL/(16081:16082): [CARPINCHO 3] Dispositivo pelopincho Empezó a  ejecutar
[INFO] 01:12:20:287 KERNEL/(16081:16087): [CARPINCHO 2] CAMBIO DE ESTADO: EXEC (CPU  0)
[INFO] 01:12:20:287 KERNEL/(16081:16087): [CARPINCHO 2] Se envia mensaje pendiente
[INFO] 01:12:21:288 KERNEL/(16081:16082): [CARPINCHO 3] Dispositivo pelopincho Terminó de ejecutar 
[INFO] 01:12:21:288 KERNEL/(16081:16082): [CARPINCHO 3] CAMBIO DE ESTADO : READY
[INFO] 01:12:22:288 KERNEL/(16081:16087): [CARPINCHO 2] MENSAJE RECIBIDO MATE_CLOSE.
[INFO] 01:12:22:289 KERNEL/(16081:16087): [CARPINCHO 2] CAMBIO DE ESTADO: EXIT
[DEBUG] 01:12:22:294 KERNEL/(16081:16087): [CARPINCHO 3] RAFAGA REAL ANT: 10006.000000    RAFAGA ESTIM: 7261.307000    RR: 1.138543

[INFO] 01:12:22:294 KERNEL/(16081:16087): [CARPINCHO 3] CAMBIO DE ESTADO: EXEC (CPU  0)
[INFO] 01:12:22:294 KERNEL/(16081:16087): [CARPINCHO 3] Se envia mensaje pendiente
[INFO] 01:12:32:303 KERNEL/(16081:16087): [CARPINCHO 3] MENSAJE RECIBIDO MATE_CLOSE.
[INFO] 01:12:32:305 KERNEL/(16081:16087): [CARPINCHO 3] CAMBIO DE ESTADO: EXIT
[INFO] 01:13:08:912 KERNEL/(16081:16086): [DEADLOCK] Se inicia  la detección y recuperación de DEADLOCK
[INFO] 01:13:08:913 KERNEL/(16081:16086): [DEADLOCK] Se finaliza la detección y recuperación de DEADLOCK
